Determining if the pthread_create exist failed with the following output:
Change Dir: /home/divyak/catkin_ws/src/counter_node/cmake-build-debug/CMakeFiles/CMakeTmp

Run Build Command:"/usr/bin/make" "cmTC_66d7e/fast"
/usr/bin/make -f CMakeFiles/cmTC_66d7e.dir/build.make CMakeFiles/cmTC_66d7e.dir/build
make[1]: Entering directory '/home/divyak/catkin_ws/src/counter_node/cmake-build-debug/CMakeFiles/CMakeTmp'
Building C object CMakeFiles/cmTC_66d7e.dir/CheckSymbolExists.c.o
/usr/bin/cc    -o CMakeFiles/cmTC_66d7e.dir/CheckSymbolExists.c.o   -c /home/divyak/catkin_ws/src/counter_node/cmake-build-debug/CMakeFiles/CMakeTmp/CheckSymbolExists.c
Linking C executable cmTC_66d7e
/home/divyak/Documents/clion-2017.2.2/bin/cmake/bin/cmake -E cmake_link_script CMakeFiles/cmTC_66d7e.dir/link.txt --verbose=1
/usr/bin/cc      -rdynamic CMakeFiles/cmTC_66d7e.dir/CheckSymbolExists.c.o  -o cmTC_66d7e 
CMakeFiles/cmTC_66d7e.dir/CheckSymbolExists.c.o: In function `main':
CheckSymbolExists.c:(.text+0x16): undefined reference to `pthread_create'
collect2: error: ld returned 1 exit status
CMakeFiles/cmTC_66d7e.dir/build.make:97: recipe for target 'cmTC_66d7e' failed
make[1]: *** [cmTC_66d7e] Error 1
make[1]: Leaving directory '/home/divyak/catkin_ws/src/counter_node/cmake-build-debug/CMakeFiles/CMakeTmp'
Makefile:126: recipe for target 'cmTC_66d7e/fast' failed
make: *** [cmTC_66d7e/fast] Error 2

File /home/divyak/catkin_ws/src/counter_node/cmake-build-debug/CMakeFiles/CMakeTmp/CheckSymbolExists.c:
/* */
#include <pthread.h>

int main(int argc, char** argv)
{
  (void)argv;
#ifndef pthread_create
  return ((int*)(&pthread_create))[argc];
#else
  (void)argc;
  return 0;
#endif
}

Determining if the function pthread_create exists in the pthreads failed with the following output:
Change Dir: /home/divyak/catkin_ws/src/counter_node/cmake-build-debug/CMakeFiles/CMakeTmp

Run Build Command:"/usr/bin/make" "cmTC_1a9be/fast"
/usr/bin/make -f CMakeFiles/cmTC_1a9be.dir/build.make CMakeFiles/cmTC_1a9be.dir/build
make[1]: Entering directory '/home/divyak/catkin_ws/src/counter_node/cmake-build-debug/CMakeFiles/CMakeTmp'
Building C object CMakeFiles/cmTC_1a9be.dir/CheckFunctionExists.c.o
/usr/bin/cc   -DCHECK_FUNCTION_EXISTS=pthread_create   -o CMakeFiles/cmTC_1a9be.dir/CheckFunctionExists.c.o   -c /home/divyak/Documents/clion-2017.2.2/bin/cmake/share/cmake-3.8/Modules/CheckFunctionExists.c
Linking C executable cmTC_1a9be
/home/divyak/Documents/clion-2017.2.2/bin/cmake/bin/cmake -E cmake_link_script CMakeFiles/cmTC_1a9be.dir/link.txt --verbose=1
/usr/bin/cc  -DCHECK_FUNCTION_EXISTS=pthread_create    -rdynamic CMakeFiles/cmTC_1a9be.dir/CheckFunctionExists.c.o  -o cmTC_1a9be -lpthreads 
/usr/bin/ld: cannot find -lpthreads
collect2: error: ld returned 1 exit status
CMakeFiles/cmTC_1a9be.dir/build.make:97: recipe for target 'cmTC_1a9be' failed
make[1]: *** [cmTC_1a9be] Error 1
make[1]: Leaving directory '/home/divyak/catkin_ws/src/counter_node/cmake-build-debug/CMakeFiles/CMakeTmp'
Makefile:126: recipe for target 'cmTC_1a9be/fast' failed
make: *** [cmTC_1a9be/fast] Error 2


